2017-10-26 01:13:36.624  INFO 5256 --- [restartedMain] edu.wat.pl.blog.BlogApplication          : Starting BlogApplication on Cieniospren with PID 5256 (started by Jakub in C:\Users\Jakub\Desktop\ZPJJ\Projekt - Blog\Blog)
2017-10-26 01:13:36.625  INFO 5256 --- [restartedMain] edu.wat.pl.blog.BlogApplication          : No active profile set, falling back to default profiles: default
2017-10-26 01:13:36.915  INFO 5256 --- [restartedMain] ationConfigEmbeddedWebApplicationContext : Refreshing org.springframework.boot.context.embedded.AnnotationConfigEmbeddedWebApplicationContext@4c82d3cc: startup date [Thu Oct 26 01:13:36 CEST 2017]; root of context hierarchy
2017-10-26 01:13:38.254  INFO 5256 --- [restartedMain] s.b.c.e.t.TomcatEmbeddedServletContainer : Tomcat initialized with port(s): 8080 (http)
2017-10-26 01:13:38.263  INFO 5256 --- [restartedMain] o.apache.catalina.core.StandardService   : Starting service [Tomcat]
2017-10-26 01:13:38.264  INFO 5256 --- [restartedMain] org.apache.catalina.core.StandardEngine  : Starting Servlet Engine: Apache Tomcat/8.5.23
2017-10-26 01:13:38.366  INFO 5256 --- [localhost-startStop-1] o.a.c.c.C.[Tomcat].[localhost].[/]       : Initializing Spring embedded WebApplicationContext
2017-10-26 01:13:38.366  INFO 5256 --- [localhost-startStop-1] o.s.web.context.ContextLoader            : Root WebApplicationContext: initialization completed in 1455 ms
2017-10-26 01:13:38.499  INFO 5256 --- [localhost-startStop-1] o.s.b.w.servlet.ServletRegistrationBean  : Mapping servlet: 'dispatcherServlet' to [/]
2017-10-26 01:13:38.503  INFO 5256 --- [localhost-startStop-1] o.s.b.w.servlet.FilterRegistrationBean   : Mapping filter: 'characterEncodingFilter' to: [/*]
2017-10-26 01:13:38.504  INFO 5256 --- [localhost-startStop-1] o.s.b.w.servlet.FilterRegistrationBean   : Mapping filter: 'hiddenHttpMethodFilter' to: [/*]
2017-10-26 01:13:38.504  INFO 5256 --- [localhost-startStop-1] o.s.b.w.servlet.FilterRegistrationBean   : Mapping filter: 'httpPutFormContentFilter' to: [/*]
2017-10-26 01:13:38.504  INFO 5256 --- [localhost-startStop-1] o.s.b.w.servlet.FilterRegistrationBean   : Mapping filter: 'requestContextFilter' to: [/*]
2017-10-26 01:13:38.832  INFO 5256 --- [restartedMain] s.w.s.m.m.a.RequestMappingHandlerAdapter : Looking for @ControllerAdvice: org.springframework.boot.context.embedded.AnnotationConfigEmbeddedWebApplicationContext@4c82d3cc: startup date [Thu Oct 26 01:13:36 CEST 2017]; root of context hierarchy
2017-10-26 01:13:38.897  INFO 5256 --- [restartedMain] s.w.s.m.m.a.RequestMappingHandlerMapping : Mapped "{[/ex]}" onto public java.lang.String edu.wat.pl.blog.ExampleController.exmaple(org.springframework.web.servlet.ModelAndView)
2017-10-26 01:13:38.898  INFO 5256 --- [restartedMain] s.w.s.m.m.a.RequestMappingHandlerMapping : Mapped "{[/add_post],methods=[GET]}" onto public java.lang.String edu.wat.pl.blog.post.PostsController.admin(org.springframework.ui.Model)
2017-10-26 01:13:38.899  INFO 5256 --- [restartedMain] s.w.s.m.m.a.RequestMappingHandlerMapping : Mapped "{[/addPost],methods=[POST]}" onto public java.lang.String edu.wat.pl.blog.post.PostsController.addPost(edu.wat.pl.blog.post.Post)
2017-10-26 01:13:38.900  INFO 5256 --- [restartedMain] s.w.s.m.m.a.RequestMappingHandlerMapping : Mapped "{[/]}" onto public java.lang.String edu.wat.pl.blog.WelcomeController.welcome(java.util.Map<java.lang.String, java.lang.Object>)
2017-10-26 01:13:38.903  INFO 5256 --- [restartedMain] s.w.s.m.m.a.RequestMappingHandlerMapping : Mapped "{[/error]}" onto public org.springframework.http.ResponseEntity<java.util.Map<java.lang.String, java.lang.Object>> org.springframework.boot.autoconfigure.web.BasicErrorController.error(javax.servlet.http.HttpServletRequest)
2017-10-26 01:13:38.904  INFO 5256 --- [restartedMain] s.w.s.m.m.a.RequestMappingHandlerMapping : Mapped "{[/error],produces=[text/html]}" onto public org.springframework.web.servlet.ModelAndView org.springframework.boot.autoconfigure.web.BasicErrorController.errorHtml(javax.servlet.http.HttpServletRequest,javax.servlet.http.HttpServletResponse)
2017-10-26 01:13:38.934  INFO 5256 --- [restartedMain] o.s.w.s.handler.SimpleUrlHandlerMapping  : Mapped URL path [/webjars/**] onto handler of type [class org.springframework.web.servlet.resource.ResourceHttpRequestHandler]
2017-10-26 01:13:38.934  INFO 5256 --- [restartedMain] o.s.w.s.handler.SimpleUrlHandlerMapping  : Mapped URL path [/**] onto handler of type [class org.springframework.web.servlet.resource.ResourceHttpRequestHandler]
2017-10-26 01:13:38.968  INFO 5256 --- [restartedMain] o.s.w.s.handler.SimpleUrlHandlerMapping  : Mapped URL path [/**/favicon.ico] onto handler of type [class org.springframework.web.servlet.resource.ResourceHttpRequestHandler]
2017-10-26 01:13:39.349  INFO 5256 --- [restartedMain] o.s.b.d.a.OptionalLiveReloadServer       : LiveReload server is running on port 35729
2017-10-26 01:13:39.411  INFO 5256 --- [restartedMain] o.s.j.e.a.AnnotationMBeanExporter        : Registering beans for JMX exposure on startup
2017-10-26 01:13:39.486  INFO 5256 --- [restartedMain] s.b.c.e.t.TomcatEmbeddedServletContainer : Tomcat started on port(s): 8080 (http)
2017-10-26 01:13:39.493  INFO 5256 --- [restartedMain] edu.wat.pl.blog.BlogApplication          : Started BlogApplication in 3.189 seconds (JVM running for 4.33)
2017-10-26 01:13:48.270  INFO 5256 --- [http-nio-8080-exec-1] o.a.c.c.C.[Tomcat].[localhost].[/]       : Initializing Spring FrameworkServlet 'dispatcherServlet'
2017-10-26 01:13:48.270  INFO 5256 --- [http-nio-8080-exec-1] o.s.web.servlet.DispatcherServlet        : FrameworkServlet 'dispatcherServlet': initialization started
2017-10-26 01:13:48.285  INFO 5256 --- [http-nio-8080-exec-1] o.s.web.servlet.DispatcherServlet        : FrameworkServlet 'dispatcherServlet': initialization completed in 15 ms
2017-10-26 01:13:52.995  INFO 5256 --- [http-nio-8080-exec-7] edu.wat.pl.blog.post.PostsController     : Post object has been captured: Post{id=null, title='sd', contents='asd', creationDate='26.10.2017', tags=null, wrongTags='asd'}
